d:\c_ipscanner\ip_scanner\ipscanutil\debug\ip_installer.pch
d:\c_ipscanner\ip_scanner\ipscanutil\debug\vc120.pdb
d:\c_ipscanner\ip_scanner\ipscanutil\debug\vc120.idb
d:\c_ipscanner\ip_scanner\ipscanutil\debug\stdafx.obj
d:\c_ipscanner\ip_scanner\ipscanutil\debug\factorydefaultdlg.obj
d:\c_ipscanner\ip_scanner\ipscanutil\debug\ipchangedlg.obj
d:\c_ipscanner\ip_scanner\ipscanutil\debug\ipchangedlg2.obj
d:\c_ipscanner\ip_scanner\ipscanutil\debug\ipchangethread.obj
d:\c_ipscanner\ip_scanner\ipscanutil\debug\ipscanutil.obj
d:\c_ipscanner\ip_scanner\ipscanutil\debug\ipscanutildlg.obj
d:\c_ipscanner\ip_scanner\ipscanutil\debug\listitem.obj
d:\c_ipscanner\ip_scanner\ipscanutil\debug\messagequeue.obj
d:\c_ipscanner\ip_scanner\ipscanutil\debug\netscanmarkin.obj
d:\c_ipscanner\ip_scanner\ipscanutil\debug\netscanvision.obj
d:\c_ipscanner\ip_scanner\ipscanutil\debug\osdchangedlg.obj
d:\c_ipscanner\ip_scanner\ipscanutil\debug\osdchangethread.obj
d:\c_ipscanner\ip_scanner\ipscanutil\debug\oxmaskededit.obj
d:\c_ipscanner\ip_scanner\ipscanutil\debug\progresslistctrl.obj
d:\c_ipscanner\ip_scanner\ipscanutil\debug\resolutionchangedlg.obj
d:\c_ipscanner\ip_scanner\ipscanutil\debug\resolutionchangethread.obj
d:\c_ipscanner\ip_scanner\ipscanutil\debug\upgradedlg.obj
d:\c_ipscanner\ip_scanner\ipscanutil\debug\upgradethreadhttp.obj
d:\c_ipscanner\ip_scanner\ipscanutil\debug\upgradethreadtcp.obj
d:\c_ipscanner\ip_scanner\ipscanutil\debug\vhnetworkadaptorinfo.obj
d:\c_ipscanner\ip_scanner\ipscanutil\debug\arp.obj
d:\c_ipscanner\ip_scanner\ipscanutil\debug\checklistctrl.obj
d:\c_ipscanner\ip_scanner\ipscanutil\debug\connectcheckthread.obj
d:\c_ipscanner\ip_scanner\debug\ip_installer.ilk
d:\c_ipscanner\ip_scanner\debug\ip_installer.exe
d:\c_ipscanner\ip_scanner\debug\ip_installer.pdb
d:\c_ipscanner\ip_scanner\ipscanutil\debug\ipscanutil.res
d:\c_ipscanner\ip_scanner\ipscanutil\debug\ip_installer.tlog\cl.command.1.tlog
d:\c_ipscanner\ip_scanner\ipscanutil\debug\ip_installer.tlog\cl.read.1.tlog
d:\c_ipscanner\ip_scanner\ipscanutil\debug\ip_installer.tlog\cl.write.1.tlog
d:\c_ipscanner\ip_scanner\ipscanutil\debug\ip_installer.tlog\link.command.1.tlog
d:\c_ipscanner\ip_scanner\ipscanutil\debug\ip_installer.tlog\link.read.1.tlog
d:\c_ipscanner\ip_scanner\ipscanutil\debug\ip_installer.tlog\link.write.1.tlog
d:\c_ipscanner\ip_scanner\ipscanutil\debug\ip_installer.tlog\rc.command.1.tlog
d:\c_ipscanner\ip_scanner\ipscanutil\debug\ip_installer.tlog\rc.read.1.tlog
d:\c_ipscanner\ip_scanner\ipscanutil\debug\ip_installer.tlog\rc.write.1.tlog
