빌드 시작: 2022-06-15 오후 5:17:32
     1>2 노드의 "D:\C_IPScanner\IP_Scanner\IPScanUtil\IPScanUtil.vcxproj" 프로젝트(Rebuild 대상)입니다.
     1>C:\Program Files (x86)\MSBuild\Microsoft.Cpp\v4.0\V120\Microsoft.CppClean.targets(76,5): warning : 'd:\c_ipscanner\ip_scanner\debug\ip_installer.ilk' 파일은 다른 프로세스에서 사용 중이므로 프로세스에서 액세스할 수 없습니다.
     1>ClCompile:
         C:\Program Files (x86)\Microsoft Visual Studio 12.0\VC\bin\CL.exe /c /ZI /nologo /W3 /WX- /sdl- /Od /Oy- /D WIN32 /D _WINDOWS /D _DEBUG /D _UNICODE /D UNICODE /Gm /EHsc /RTC1 /MTd /GS /fp:precise /Zc:wchar_t /Zc:forScope /Yc"stdafx.h" /Fp"Debug\IP_Installer.pch" /Fo"Debug\\" /Fd"Debug\vc120.pdb" /Gd /TP /analyze- /errorReport:prompt stdafx.cpp
         stdafx.cpp
         C:\Program Files (x86)\Microsoft Visual Studio 12.0\VC\bin\CL.exe /c /ZI /nologo /W3 /WX- /sdl- /Od /Oy- /D WIN32 /D _WINDOWS /D _DEBUG /D _UNICODE /D UNICODE /Gm /EHsc /RTC1 /MTd /GS /fp:precise /Zc:wchar_t /Zc:forScope /Yu"stdafx.h" /Fp"Debug\IP_Installer.pch" /Fo"Debug\\" /Fd"Debug\vc120.pdb" /Gd /TP /analyze- /errorReport:prompt ARP.cpp CheckListCtrl.cpp ConnectCheckThread.cpp FactoryDefaultDlg.cpp IPChangeDlg.cpp IPChangeDlg2.cpp IPChangeThread.cpp IPScanUtil.cpp IPScanUtilDlg.cpp ListItem.cpp MessageQueue.cpp NetScanMarkIn.cpp NetScanVision.cpp OSDChangeDlg.cpp OSDChangeThread.cpp OXMaskedEdit.cpp ProgressListCtrl.cpp ResolutionChangeDlg.cpp ResolutionChangeThread.cpp UpgradeDlg.cpp UpgradeThreadHttp.cpp UpgradeThreadTcp.cpp VHNetworkAdaptorInfo.cpp
         VHNetworkAdaptorInfo.cpp
         UpgradeThreadTcp.cpp
     1>d:\c_ipscanner\ip_scanner\ipscanutil\upgradethreadtcp.cpp(2973): warning C4996: 'strcpy': This function or variable may be unsafe. Consider using strcpy_s instead. To disable deprecation, use _CRT_SECURE_NO_WARNINGS. See online help for details.
                 c:\program files (x86)\microsoft visual studio 12.0\vc\include\string.h(112) : 'strcpy' 선언을 참조하십시오.
     1>d:\c_ipscanner\ip_scanner\ipscanutil\upgradethreadtcp.cpp(3008): warning C4996: 'strcpy': This function or variable may be unsafe. Consider using strcpy_s instead. To disable deprecation, use _CRT_SECURE_NO_WARNINGS. See online help for details.
                 c:\program files (x86)\microsoft visual studio 12.0\vc\include\string.h(112) : 'strcpy' 선언을 참조하십시오.
     1>d:\c_ipscanner\ip_scanner\ipscanutil\upgradethreadtcp.cpp(3009): warning C4996: 'strcpy': This function or variable may be unsafe. Consider using strcpy_s instead. To disable deprecation, use _CRT_SECURE_NO_WARNINGS. See online help for details.
                 c:\program files (x86)\microsoft visual studio 12.0\vc\include\string.h(112) : 'strcpy' 선언을 참조하십시오.
     1>d:\c_ipscanner\ip_scanner\ipscanutil\upgradethreadtcp.cpp(3050): warning C4996: 'strcpy': This function or variable may be unsafe. Consider using strcpy_s instead. To disable deprecation, use _CRT_SECURE_NO_WARNINGS. See online help for details.
                 c:\program files (x86)\microsoft visual studio 12.0\vc\include\string.h(112) : 'strcpy' 선언을 참조하십시오.
         UpgradeThreadHttp.cpp
         UpgradeDlg.cpp
         ResolutionChangeThread.cpp
         ResolutionChangeDlg.cpp
         ProgressListCtrl.cpp
         OXMaskedEdit.cpp
         OSDChangeThread.cpp
         OSDChangeDlg.cpp
         NetScanVision.cpp
         NetScanMarkIn.cpp
         MessageQueue.cpp
         ListItem.cpp
         IPScanUtilDlg.cpp
         IPScanUtil.cpp
         IPChangeThread.cpp
         IPChangeDlg2.cpp
         IPChangeDlg.cpp
         FactoryDefaultDlg.cpp
         코드를 생성하고 있습니다...
         컴파일하고 있습니다...
         ConnectCheckThread.cpp
         CheckListCtrl.cpp
         ARP.cpp
         코드를 생성하고 있습니다...
       ResourceCompile:
         C:\Program Files (x86)\Windows Kits\8.1\bin\x86\rc.exe /D _DEBUG /D _UNICODE /D UNICODE /l"0x0412" /IDebug\ /nologo /fo"Debug\IPScanUtil.res" IPScanUtil.rc 
       Link:
         C:\Program Files (x86)\Microsoft Visual Studio 12.0\VC\bin\link.exe /ERRORREPORT:PROMPT /OUT:"D:\C_IPScanner\IP_Scanner\Debug\IP_Installer.exe" /INCREMENTAL /NOLOGO iphlpapi.lib /MANIFEST /MANIFESTUAC:"level='asInvoker' uiAccess='false'" /manifest:embed /manifestinput:"C:\Program Files (x86)\Microsoft Visual Studio 12.0\VC\Include\Manifest\dpiaware.manifest" /DEBUG /PDB:"D:\C_IPScanner\IP_Scanner\Debug\IP_Installer.pdb" /SUBSYSTEM:WINDOWS /TLBID:1 /ENTRY:"wWinMainCRTStartup" /DYNAMICBASE /NXCOMPAT /IMPLIB:"D:\C_IPScanner\IP_Scanner\Debug\IP_Installer.lib" /MACHINE:X86 /SAFESEH Debug\IPScanUtil.res
         Debug\ARP.obj
         Debug\CheckListCtrl.obj
         Debug\ConnectCheckThread.obj
         Debug\FactoryDefaultDlg.obj
         Debug\IPChangeDlg.obj
         Debug\IPChangeDlg2.obj
         Debug\IPChangeThread.obj
         Debug\IPScanUtil.obj
         Debug\IPScanUtilDlg.obj
         Debug\ListItem.obj
         Debug\MessageQueue.obj
         Debug\NetScanMarkIn.obj
         Debug\NetScanVision.obj
         Debug\OSDChangeDlg.obj
         Debug\OSDChangeThread.obj
         Debug\OXMaskedEdit.obj
         Debug\ProgressListCtrl.obj
         Debug\ResolutionChangeDlg.obj
         Debug\ResolutionChangeThread.obj
         Debug\stdafx.obj
         Debug\UpgradeDlg.obj
         Debug\UpgradeThreadHttp.obj
         Debug\UpgradeThreadTcp.obj
         Debug\VHNetworkAdaptorInfo.obj
         LINK : D:\C_IPScanner\IP_Scanner\Debug\IP_Installer.exe을(를) 찾을 수 없거나 마지막 증분 링크에 의해 빌드되지 않았습니다. 전체 링크를 수행하고 있습니다.
     1>ARP.obj : warning LNK4075: '/EDITANDCONTINUE'이(가) '/SAFESEH' 사양으로 인해 무시됩니다.
         IPScanUtil.vcxproj -> D:\C_IPScanner\IP_Scanner\Debug\IP_Installer.exe
     1>"D:\C_IPScanner\IP_Scanner\IPScanUtil\IPScanUtil.vcxproj" 프로젝트를 빌드했습니다(Rebuild 대상).

빌드했습니다.

경과 시간: 00:00:09.35
